<?xml version="1.0" encoding="UTF-8"?>
<testsuite xmlns:xsi="http://www.w3.org/2001/XMLSchema-instance" xsi:noNamespaceSchemaLocation="https://maven.apache.org/surefire/maven-surefire-plugin/xsd/surefire-test-report.xsd" name="com.nt.test.AppTest" time="0.01" tests="4" errors="0" skipped="0" failures="0">
  <properties>
[...]
</properties>
  <testcase name="com.nt.test.AppTest.testWithPositivesValues" classname="com.nt.test.AppTest" time="0.002"/>
  <testcase name="com.nt.test.AppTest.testWithNegativesValues" classname="com.nt.test.AppTest" time="0"/>
  <testcase name="com.nt.test.AppTest.testWithMixedValues" classname="com.nt.test.AppTest" time="0"/>
  <testcase name="com.nt.test.AppTest.testWithZeroes" classname="com.nt.test.AppTest" time="0.002"/>
</testsuite>